This file contains any messages produced by compilers while
running configure, to aid debugging if configure makes a mistake.

It was created by Haskell network package configure 3.1.0.0, which was
generated by GNU Autoconf 2.69.  Invocation command line was

  $ //Users/zhangyunfeng/code/haskell/watchOne/network-3.1.1.1/configure --with-compiler=ghc --prefix=/Users/zhangyunfeng/.cabal --bindir=/Users/zhangyunfeng/.cabal/bin --libdir=/Users/zhangyunfeng/.cabal/lib/x86_64-osx-ghc-8.8.3/network-3.1.1.1-inplace --libexecdir=/Users/zhangyunfeng/.cabal/libexec/x86_64-osx-ghc-8.8.3/network-3.1.1.1 --datadir=/Users/zhangyunfeng/.cabal/share/x86_64-osx-ghc-8.8.3/network-3.1.1.1 --sysconfdir=/Users/zhangyunfeng/.cabal/etc CC=/usr/bin/gcc

## --------- ##
## Platform. ##
## --------- ##

hostname = zhangyunfengdeMacBook-Pro.local
uname -m = x86_64
uname -r = 19.5.0
uname -s = Darwin
uname -v = Darwin Kernel Version 19.5.0: Tue May 26 20:41:44 PDT 2020; root:xnu-6153.121.2~2/RELEASE_X86_64

/usr/bin/uname -p = i386
/bin/uname -X     = unknown

/bin/arch              = unknown
/usr/bin/arch -k       = unknown
/usr/convex/getsysinfo = unknown
/usr/bin/hostinfo      = Mach kernel version:
	 Darwin Kernel Version 19.5.0: Tue May 26 20:41:44 PDT 2020; root:xnu-6153.121.2~2/RELEASE_X86_64
Kernel configured for up to 8 processors.
4 processors are physically available.
8 processors are logically available.
Processor type: x86_64h (Intel x86-64h Haswell)
Processors active: 0 1 2 3 4 5 6 7
Primary memory available: 16.00 gigabytes
Default processor set: 596 tasks, 3520 threads, 8 processors
Load average: 1.89, Mach factor: 6.10
/bin/machine           = unknown
/usr/bin/oslevel       = unknown
/bin/universe          = unknown

PATH: /Users/zhangyunfeng/.cabal/bin
PATH: /Users/zhangyunfeng/.cabal/store/ghc-8.8.3/hsc2hs-0.68.7-0715c4ec/bin
PATH: /Users/zhangyunfeng/.cabal/store/ghc-8.8.3/hspc-dscvr-2.7.1-6ad2e500/bin
PATH: /Users/zhangyunfeng/.cabal/bin
PATH: /Users/zhangyunfeng/.ghcup/bin
PATH: /Users/zhangyunfeng/.cabal/bin
PATH: /Users/zhangyunfeng/.ghcup/bin
PATH: /Users/zhangyunfeng/.cabal/bin
PATH: /Users/zhangyunfeng/.ghcup/bin
PATH: /Users/zhangyunfeng/.deno/bin
PATH: /usr/local/opt/icu4c/sbin
PATH: /usr/local/opt/icu4c/bin
PATH: /usr/local/opt/llvm/bin
PATH: /usr/local/opt/gettext/bin
PATH: /Users/zhangyunfeng/.wasmer/bin
PATH: /Applications/Racket v7.1/bin
PATH: /usr/local/opt/maven@3.5/bin
PATH: /usr/local/opt/llvm/bin
PATH: /Users/zhangyunfeng/flutter/bin
PATH: ~/flutter/bin
PATH: /Users/zhangyunfeng/esp/xtensa-esp32-elf/bin
PATH: /Users/zhangyunfeng/myhome/esp32/esp-idf/tools
PATH: /Users/zhangyunfeng/.local/bin
PATH: /Users/zhangyunfeng/go/bin
PATH: /Users/zhangyunfeng/.mybin
PATH: /Users/zhangyunfeng/.cargo/bin
PATH: ~/.mybin
PATH: /Users/zhangyunfeng/.cabal/bin
PATH: /Users/zhangyunfeng/.ghcup/bin
PATH: /Users/zhangyunfeng/.cabal/bin
PATH: /Users/zhangyunfeng/.ghcup/bin
PATH: /Users/zhangyunfeng/.cabal/bin
PATH: /Users/zhangyunfeng/.ghcup/bin
PATH: /Users/zhangyunfeng/.deno/bin
PATH: /usr/local/opt/icu4c/sbin
PATH: /usr/local/opt/icu4c/bin
PATH: /usr/local/opt/llvm/bin
PATH: /usr/local/opt/gettext/bin
PATH: /Users/zhangyunfeng/.wasmer/bin
PATH: /Applications/Racket v7.1/bin
PATH: /usr/local/opt/maven@3.5/bin
PATH: /usr/local/opt/llvm/bin
PATH: /Users/zhangyunfeng/flutter/bin
PATH: ~/flutter/bin
PATH: /Users/zhangyunfeng/esp/xtensa-esp32-elf/bin
PATH: /Users/zhangyunfeng/myhome/esp32/esp-idf/tools
PATH: /Users/zhangyunfeng/go/bin
PATH: /Users/zhangyunfeng/.mybin
PATH: /Users/zhangyunfeng/.cargo/bin
PATH: ~/.mybin
PATH: /Users/zhangyunfeng/.cabal/bin
PATH: /Users/zhangyunfeng/.ghcup/bin
PATH: /Users/zhangyunfeng/.cabal/bin
PATH: /Users/zhangyunfeng/.ghcup/bin
PATH: /Users/zhangyunfeng/.cabal/bin
PATH: /Users/zhangyunfeng/.ghcup/bin
PATH: /Users/zhangyunfeng/anaconda3/bin
PATH: /Users/zhangyunfeng/anaconda3/condabin
PATH: /Users/zhangyunfeng/.deno/bin
PATH: /usr/local/opt/icu4c/sbin
PATH: /usr/local/opt/icu4c/bin
PATH: /usr/local/opt/llvm/bin
PATH: /usr/local/opt/gettext/bin
PATH: /Users/zhangyunfeng/.wasmer/bin
PATH: /Applications/Racket v7.1/bin
PATH: /usr/local/opt/maven@3.5/bin
PATH: /usr/local/opt/llvm/bin
PATH: /Users/zhangyunfeng/flutter/bin
PATH: ~/flutter/bin
PATH: /Users/zhangyunfeng/esp/xtensa-esp32-elf/bin
PATH: /Users/zhangyunfeng/myhome/esp32/esp-idf/tools
PATH: /Users/zhangyunfeng/go/bin
PATH: /Users/zhangyunfeng/.mybin
PATH: /Users/zhangyunfeng/.cargo/bin
PATH: /usr/local/bin
PATH: /usr/bin
PATH: /bin
PATH: /usr/sbin
PATH: /sbin
PATH: /Applications/VMware Fusion.app/Contents/Public
PATH: /usr/local/go/bin
PATH: /usr/local/share/dotnet
PATH: ~/.dotnet/tools
PATH: /Library/Apple/usr/bin
PATH: /Library/Frameworks/Mono.framework/Versions/Current/Commands
PATH: /Applications/Xamarin Workbooks.app/Contents/SharedSupport/path-bin
PATH: /Users/zhangyunfeng/depot_tools
PATH: /Users/zhangyunfeng/tools/javacc-6.0/bin
PATH: /Users/zhangyunfeng/.fzf/bin
PATH: /Users/zhangyunfeng/depot_tools
PATH: /Users/zhangyunfeng/tools/javacc-6.0/bin
PATH: /Users/zhangyunfeng/depot_tools
PATH: /Users/zhangyunfeng/tools/javacc-6.0/bin


## ----------- ##
## Core tests. ##
## ----------- ##

configure:2365: checking build system type
configure:2379: result: x86_64-apple-darwin19.5.0
configure:2399: checking host system type
configure:2412: result: x86_64-apple-darwin19.5.0
configure:2487: checking for gcc
configure:2514: result: /usr/bin/gcc
configure:2743: checking for C compiler version
configure:2752: /usr/bin/gcc --version >&5
Apple clang version 11.0.3 (clang-1103.0.32.62)
Target: x86_64-apple-darwin19.5.0
Thread model: posix
InstalledDir: /Applications/Xcode.app/Contents/Developer/Toolchains/XcodeDefault.xctoolchain/usr/bin
Configured with: --prefix=/Applications/Xcode.app/Contents/Developer/usr --with-gxx-include-dir=/Applications/Xcode.app/Contents/Developer/Platforms/MacOSX.platform/Developer/SDKs/MacOSX.sdk/usr/include/c++/4.2.1
configure:2763: $? = 0
configure:2752: /usr/bin/gcc -v >&5
Configured with: --prefix=/Applications/Xcode.app/Contents/Developer/usr --with-gxx-include-dir=/Applications/Xcode.app/Contents/Developer/Platforms/MacOSX.platform/Developer/SDKs/MacOSX.sdk/usr/include/c++/4.2.1
Apple clang version 11.0.3 (clang-1103.0.32.62)
Target: x86_64-apple-darwin19.5.0
Thread model: posix
InstalledDir: /Applications/Xcode.app/Contents/Developer/Toolchains/XcodeDefault.xctoolchain/usr/bin
configure:2763: $? = 0
configure:2752: /usr/bin/gcc -V >&5
clang: error: unsupported option '-V -Wno-objc-signed-char-bool-implicit-int-conversion'
clang: error: no input files
configure:2763: $? = 1
configure:2752: /usr/bin/gcc -qversion >&5
clang: error: unknown argument '-qversion'; did you mean '--version'?
clang: error: no input files
configure:2763: $? = 1
configure:2783: checking whether the C compiler works
configure:2805: /usr/bin/gcc  -I/usr/local/opt/llvm/include -L/usr/local/opt/llvm/lib conftest.c  >&5
configure:2809: $? = 0
configure:2857: result: yes
configure:2860: checking for C compiler default output file name
configure:2862: result: a.out
configure:2868: checking for suffix of executables
configure:2875: /usr/bin/gcc -o conftest  -I/usr/local/opt/llvm/include -L/usr/local/opt/llvm/lib conftest.c  >&5
configure:2879: $? = 0
configure:2901: result: 
configure:2923: checking whether we are cross compiling
configure:2931: /usr/bin/gcc -o conftest  -I/usr/local/opt/llvm/include -L/usr/local/opt/llvm/lib conftest.c  >&5
configure:2935: $? = 0
configure:2942: ./conftest
configure:2946: $? = 0
configure:2961: result: no
configure:2966: checking for suffix of object files
configure:2988: /usr/bin/gcc -c  -I/usr/local/opt/llvm/include conftest.c >&5
configure:2992: $? = 0
configure:3013: result: o
configure:3017: checking whether we are using the GNU C compiler
configure:3036: /usr/bin/gcc -c  -I/usr/local/opt/llvm/include conftest.c >&5
configure:3036: $? = 0
configure:3045: result: yes
configure:3054: checking whether /usr/bin/gcc accepts -g
configure:3074: /usr/bin/gcc -c -g -I/usr/local/opt/llvm/include conftest.c >&5
configure:3074: $? = 0
configure:3115: result: yes
configure:3132: checking for /usr/bin/gcc option to accept ISO C89
configure:3195: /usr/bin/gcc  -c  -I/usr/local/opt/llvm/include conftest.c >&5
configure:3195: $? = 0
configure:3208: result: none needed
configure:3230: checking for an ANSI C-conforming const
configure:3296: /usr/bin/gcc -c  -I/usr/local/opt/llvm/include conftest.c >&5
configure:3296: $? = 0
configure:3303: result: yes
configure:3317: checking how to run the C preprocessor
configure:3348: /usr/bin/gcc -E -I/usr/local/opt/llvm/include conftest.c
configure:3348: $? = 0
configure:3362: /usr/bin/gcc -E -I/usr/local/opt/llvm/include conftest.c
conftest.c:9:10: fatal error: 'ac_nonexistent.h' file not found
#include <ac_nonexistent.h>
         ^~~~~~~~~~~~~~~~~~
1 error generated.
configure:3362: $? = 1
configure: failed program was:
| /* confdefs.h */
| #define PACKAGE_NAME "Haskell network package"
| #define PACKAGE_TARNAME "network"
| #define PACKAGE_VERSION "3.1.0.0"
| #define PACKAGE_STRING "Haskell network package 3.1.0.0"
| #define PACKAGE_BUGREPORT "libraries@haskell.org"
| #define PACKAGE_URL ""
| /* end confdefs.h.  */
| #include <ac_nonexistent.h>
configure:3387: result: /usr/bin/gcc -E
configure:3407: /usr/bin/gcc -E -I/usr/local/opt/llvm/include conftest.c
configure:3407: $? = 0
configure:3421: /usr/bin/gcc -E -I/usr/local/opt/llvm/include conftest.c
conftest.c:9:10: fatal error: 'ac_nonexistent.h' file not found
#include <ac_nonexistent.h>
         ^~~~~~~~~~~~~~~~~~
1 error generated.
configure:3421: $? = 1
configure: failed program was:
| /* confdefs.h */
| #define PACKAGE_NAME "Haskell network package"
| #define PACKAGE_TARNAME "network"
| #define PACKAGE_VERSION "3.1.0.0"
| #define PACKAGE_STRING "Haskell network package 3.1.0.0"
| #define PACKAGE_BUGREPORT "libraries@haskell.org"
| #define PACKAGE_URL ""
| /* end confdefs.h.  */
| #include <ac_nonexistent.h>
configure:3450: checking for grep that handles long lines and -e
configure:3508: result: /usr/bin/grep
configure:3513: checking for egrep
configure:3575: result: /usr/bin/grep -E
configure:3580: checking for ANSI C header files
configure:3600: /usr/bin/gcc -c  -I/usr/local/opt/llvm/include conftest.c >&5
configure:3600: $? = 0
configure:3673: /usr/bin/gcc -o conftest  -I/usr/local/opt/llvm/include -L/usr/local/opt/llvm/lib conftest.c  >&5
configure:3673: $? = 0
configure:3673: ./conftest
configure:3673: $? = 0
configure:3684: result: yes
configure:3697: checking for sys/types.h
configure:3697: /usr/bin/gcc -c  -I/usr/local/opt/llvm/include conftest.c >&5
configure:3697: $? = 0
configure:3697: result: yes
configure:3697: checking for sys/stat.h
configure:3697: /usr/bin/gcc -c  -I/usr/local/opt/llvm/include conftest.c >&5
configure:3697: $? = 0
configure:3697: result: yes
configure:3697: checking for stdlib.h
configure:3697: /usr/bin/gcc -c  -I/usr/local/opt/llvm/include conftest.c >&5
configure:3697: $? = 0
configure:3697: result: yes
configure:3697: checking for string.h
configure:3697: /usr/bin/gcc -c  -I/usr/local/opt/llvm/include conftest.c >&5
configure:3697: $? = 0
configure:3697: result: yes
configure:3697: checking for memory.h
configure:3697: /usr/bin/gcc -c  -I/usr/local/opt/llvm/include conftest.c >&5
configure:3697: $? = 0
configure:3697: result: yes
configure:3697: checking for strings.h
configure:3697: /usr/bin/gcc -c  -I/usr/local/opt/llvm/include conftest.c >&5
configure:3697: $? = 0
configure:3697: result: yes
configure:3697: checking for inttypes.h
configure:3697: /usr/bin/gcc -c  -I/usr/local/opt/llvm/include conftest.c >&5
configure:3697: $? = 0
configure:3697: result: yes
configure:3697: checking for stdint.h
configure:3697: /usr/bin/gcc -c  -I/usr/local/opt/llvm/include conftest.c >&5
configure:3697: $? = 0
configure:3697: result: yes
configure:3697: checking for unistd.h
configure:3697: /usr/bin/gcc -c  -I/usr/local/opt/llvm/include conftest.c >&5
configure:3697: $? = 0
configure:3697: result: yes
configure:3712: checking limits.h usability
configure:3712: /usr/bin/gcc -c  -I/usr/local/opt/llvm/include conftest.c >&5
configure:3712: $? = 0
configure:3712: result: yes
configure:3712: checking limits.h presence
configure:3712: /usr/bin/gcc -E -I/usr/local/opt/llvm/include conftest.c
configure:3712: $? = 0
configure:3712: result: yes
configure:3712: checking for limits.h
configure:3712: result: yes
configure:3712: checking for stdlib.h
configure:3712: result: yes
configure:3712: checking for unistd.h
configure:3712: result: yes
configure:3712: checking for sys/types.h
configure:3712: result: yes
configure:3712: checking fcntl.h usability
configure:3712: /usr/bin/gcc -c  -I/usr/local/opt/llvm/include conftest.c >&5
configure:3712: $? = 0
configure:3712: result: yes
configure:3712: checking fcntl.h presence
configure:3712: /usr/bin/gcc -E -I/usr/local/opt/llvm/include conftest.c
configure:3712: $? = 0
configure:3712: result: yes
configure:3712: checking for fcntl.h
configure:3712: result: yes
configure:3725: checking sys/uio.h usability
configure:3725: /usr/bin/gcc -c  -I/usr/local/opt/llvm/include conftest.c >&5
configure:3725: $? = 0
configure:3725: result: yes
configure:3725: checking sys/uio.h presence
configure:3725: /usr/bin/gcc -E -I/usr/local/opt/llvm/include conftest.c
configure:3725: $? = 0
configure:3725: result: yes
configure:3725: checking for sys/uio.h
configure:3725: result: yes
configure:3725: checking sys/socket.h usability
configure:3725: /usr/bin/gcc -c  -I/usr/local/opt/llvm/include conftest.c >&5
configure:3725: $? = 0
configure:3725: result: yes
configure:3725: checking sys/socket.h presence
configure:3725: /usr/bin/gcc -E -I/usr/local/opt/llvm/include conftest.c
configure:3725: $? = 0
configure:3725: result: yes
configure:3725: checking for sys/socket.h
configure:3725: result: yes
configure:3725: checking netinet/in.h usability
configure:3725: /usr/bin/gcc -c  -I/usr/local/opt/llvm/include conftest.c >&5
configure:3725: $? = 0
configure:3725: result: yes
configure:3725: checking netinet/in.h presence
configure:3725: /usr/bin/gcc -E -I/usr/local/opt/llvm/include conftest.c
configure:3725: $? = 0
configure:3725: result: yes
configure:3725: checking for netinet/in.h
configure:3725: result: yes
configure:3725: checking netinet/tcp.h usability
configure:3725: /usr/bin/gcc -c  -I/usr/local/opt/llvm/include conftest.c >&5
configure:3725: $? = 0
configure:3725: result: yes
configure:3725: checking netinet/tcp.h presence
configure:3725: /usr/bin/gcc -E -I/usr/local/opt/llvm/include conftest.c
configure:3725: $? = 0
configure:3725: result: yes
configure:3725: checking for netinet/tcp.h
configure:3725: result: yes
configure:3738: checking sys/un.h usability
configure:3738: /usr/bin/gcc -c  -I/usr/local/opt/llvm/include conftest.c >&5
configure:3738: $? = 0
configure:3738: result: yes
configure:3738: checking sys/un.h presence
configure:3738: /usr/bin/gcc -E -I/usr/local/opt/llvm/include conftest.c
configure:3738: $? = 0
configure:3738: result: yes
configure:3738: checking for sys/un.h
configure:3738: result: yes
configure:3738: checking arpa/inet.h usability
configure:3738: /usr/bin/gcc -c  -I/usr/local/opt/llvm/include conftest.c >&5
configure:3738: $? = 0
configure:3738: result: yes
configure:3738: checking arpa/inet.h presence
configure:3738: /usr/bin/gcc -E -I/usr/local/opt/llvm/include conftest.c
configure:3738: $? = 0
configure:3738: result: yes
configure:3738: checking for arpa/inet.h
configure:3738: result: yes
configure:3738: checking netdb.h usability
configure:3738: /usr/bin/gcc -c  -I/usr/local/opt/llvm/include conftest.c >&5
configure:3738: $? = 0
configure:3738: result: yes
configure:3738: checking netdb.h presence
configure:3738: /usr/bin/gcc -E -I/usr/local/opt/llvm/include conftest.c
configure:3738: $? = 0
configure:3738: result: yes
configure:3738: checking for netdb.h
configure:3738: result: yes
configure:3751: checking net/if.h usability
configure:3751: /usr/bin/gcc -c  -I/usr/local/opt/llvm/include conftest.c >&5
configure:3751: $? = 0
configure:3751: result: yes
configure:3751: checking net/if.h presence
configure:3751: /usr/bin/gcc -E -I/usr/local/opt/llvm/include conftest.c
configure:3751: $? = 0
configure:3751: result: yes
configure:3751: checking for net/if.h
configure:3751: result: yes
configure:3751: checking netioapi.h usability
configure:3751: /usr/bin/gcc -c  -I/usr/local/opt/llvm/include conftest.c >&5
conftest.c:116:10: fatal error: 'netioapi.h' file not found
#include <netioapi.h>
         ^~~~~~~~~~~~
1 error generated.
configure:3751: $? = 1
configure: failed program was:
| /* confdefs.h */
| #define PACKAGE_NAME "Haskell network package"
| #define PACKAGE_TARNAME "network"
| #define PACKAGE_VERSION "3.1.0.0"
| #define PACKAGE_STRING "Haskell network package 3.1.0.0"
| #define PACKAGE_BUGREPORT "libraries@haskell.org"
| #define PACKAGE_URL ""
| #define STDC_HEADERS 1
| #define HAVE_SYS_TYPES_H 1
| #define HAVE_SYS_STAT_H 1
| #define HAVE_STDLIB_H 1
| #define HAVE_STRING_H 1
| #define HAVE_MEMORY_H 1
| #define HAVE_STRINGS_H 1
| #define HAVE_INTTYPES_H 1
| #define HAVE_STDINT_H 1
| #define HAVE_UNISTD_H 1
| #define HAVE_LIMITS_H 1
| #define HAVE_STDLIB_H 1
| #define HAVE_UNISTD_H 1
| #define HAVE_SYS_TYPES_H 1
| #define HAVE_FCNTL_H 1
| #define HAVE_SYS_UIO_H 1
| #define HAVE_SYS_SOCKET_H 1
| #define HAVE_NETINET_IN_H 1
| #define HAVE_NETINET_TCP_H 1
| #define HAVE_SYS_UN_H 1
| #define HAVE_ARPA_INET_H 1
| #define HAVE_NETDB_H 1
| #define HAVE_NET_IF_H 1
| /* end confdefs.h.  */
| #define _GNU_SOURCE 1  /* for struct ucred on Linux */
| #include <stdio.h>
| #ifdef HAVE_SYS_TYPES_H
| # include <sys/types.h>
| #endif
| #ifdef HAVE_SYS_STAT_H
| # include <sys/stat.h>
| #endif
| #ifdef STDC_HEADERS
| # include <stdlib.h>
| # include <stddef.h>
| #else
| # ifdef HAVE_STDLIB_H
| #  include <stdlib.h>
| # endif
| #endif
| #ifdef HAVE_STRING_H
| # if !defined STDC_HEADERS && defined HAVE_MEMORY_H
| #  include <memory.h>
| # endif
| # include <string.h>
| #endif
| #ifdef HAVE_STRINGS_H
| # include <strings.h>
| #endif
| #ifdef HAVE_INTTYPES_H
| # include <inttypes.h>
| #endif
| #ifdef HAVE_STDINT_H
| # include <stdint.h>
| #endif
| #ifdef HAVE_UNISTD_H
| # include <unistd.h>
| #endif
| 
| #ifdef _WIN32
| # include <winsock2.h>
| # include <ws2tcpip.h>
| # define IPV6_V6ONLY 27
| #endif
| 
| #ifdef HAVE_LIMITS_H
| # include <limits.h>
| #endif
| #ifdef HAVE_STDLIB_H
| # include <stdlib.h>
| #endif
| #ifdef HAVE_UNISTD_H
| #include <unistd.h>
| #endif
| #ifdef HAVE_SYS_TYPES_H
| # include <sys/types.h>
| #endif
| #ifdef HAVE_FCNTL_H
| # include <fcntl.h>
| #endif
| #ifdef HAVE_SYS_UIO_H
| # include <sys/uio.h>
| #endif
| #ifdef HAVE_SYS_SOCKET_H
| # include <sys/socket.h>
| #endif
| #ifdef HAVE_NETINET_IN_H
| # include <netinet/in.h>
| #endif
| #ifdef HAVE_NETINET_TCP_H
| # include <netinet/tcp.h>
| #endif
| #ifdef HAVE_SYS_UN_H
| # include <sys/un.h>
| #endif
| #ifdef HAVE_ARPA_INET_H
| # include <arpa/inet.h>
| #endif
| #ifdef HAVE_NETDB_H
| #include <netdb.h>
| #endif
| #ifdef HAVE_NET_IF_H
| # include <net/if.h>
| #endif
| #ifdef HAVE_NETIOAPI_H
| # include <netioapi.h>
| #endif
| 
| #include <netioapi.h>
configure:3751: result: no
configure:3751: checking netioapi.h presence
configure:3751: /usr/bin/gcc -E -I/usr/local/opt/llvm/include conftest.c
conftest.c:32:10: fatal error: 'netioapi.h' file not found
#include <netioapi.h>
         ^~~~~~~~~~~~
1 error generated.
configure:3751: $? = 1
configure: failed program was:
| /* confdefs.h */
| #define PACKAGE_NAME "Haskell network package"
| #define PACKAGE_TARNAME "network"
| #define PACKAGE_VERSION "3.1.0.0"
| #define PACKAGE_STRING "Haskell network package 3.1.0.0"
| #define PACKAGE_BUGREPORT "libraries@haskell.org"
| #define PACKAGE_URL ""
| #define STDC_HEADERS 1
| #define HAVE_SYS_TYPES_H 1
| #define HAVE_SYS_STAT_H 1
| #define HAVE_STDLIB_H 1
| #define HAVE_STRING_H 1
| #define HAVE_MEMORY_H 1
| #define HAVE_STRINGS_H 1
| #define HAVE_INTTYPES_H 1
| #define HAVE_STDINT_H 1
| #define HAVE_UNISTD_H 1
| #define HAVE_LIMITS_H 1
| #define HAVE_STDLIB_H 1
| #define HAVE_UNISTD_H 1
| #define HAVE_SYS_TYPES_H 1
| #define HAVE_FCNTL_H 1
| #define HAVE_SYS_UIO_H 1
| #define HAVE_SYS_SOCKET_H 1
| #define HAVE_NETINET_IN_H 1
| #define HAVE_NETINET_TCP_H 1
| #define HAVE_SYS_UN_H 1
| #define HAVE_ARPA_INET_H 1
| #define HAVE_NETDB_H 1
| #define HAVE_NET_IF_H 1
| /* end confdefs.h.  */
| #include <netioapi.h>
configure:3751: result: no
configure:3751: checking for netioapi.h
configure:3751: result: no
configure:3762: checking for struct ucred
configure:3762: /usr/bin/gcc -c  -I/usr/local/opt/llvm/include conftest.c >&5
conftest.c:119:5: error: invalid application of 'sizeof' to an incomplete type 'struct ucred'
if (sizeof (struct ucred))
    ^      ~~~~~~~~~~~~~~
conftest.c:119:20: note: forward declaration of 'struct ucred'
if (sizeof (struct ucred))
                   ^
1 error generated.
configure:3762: $? = 1
configure: failed program was:
| /* confdefs.h */
| #define PACKAGE_NAME "Haskell network package"
| #define PACKAGE_TARNAME "network"
| #define PACKAGE_VERSION "3.1.0.0"
| #define PACKAGE_STRING "Haskell network package 3.1.0.0"
| #define PACKAGE_BUGREPORT "libraries@haskell.org"
| #define PACKAGE_URL ""
| #define STDC_HEADERS 1
| #define HAVE_SYS_TYPES_H 1
| #define HAVE_SYS_STAT_H 1
| #define HAVE_STDLIB_H 1
| #define HAVE_STRING_H 1
| #define HAVE_MEMORY_H 1
| #define HAVE_STRINGS_H 1
| #define HAVE_INTTYPES_H 1
| #define HAVE_STDINT_H 1
| #define HAVE_UNISTD_H 1
| #define HAVE_LIMITS_H 1
| #define HAVE_STDLIB_H 1
| #define HAVE_UNISTD_H 1
| #define HAVE_SYS_TYPES_H 1
| #define HAVE_FCNTL_H 1
| #define HAVE_SYS_UIO_H 1
| #define HAVE_SYS_SOCKET_H 1
| #define HAVE_NETINET_IN_H 1
| #define HAVE_NETINET_TCP_H 1
| #define HAVE_SYS_UN_H 1
| #define HAVE_ARPA_INET_H 1
| #define HAVE_NETDB_H 1
| #define HAVE_NET_IF_H 1
| /* end confdefs.h.  */
| #define _GNU_SOURCE 1  /* for struct ucred on Linux */
| #include <stdio.h>
| #ifdef HAVE_SYS_TYPES_H
| # include <sys/types.h>
| #endif
| #ifdef HAVE_SYS_STAT_H
| # include <sys/stat.h>
| #endif
| #ifdef STDC_HEADERS
| # include <stdlib.h>
| # include <stddef.h>
| #else
| # ifdef HAVE_STDLIB_H
| #  include <stdlib.h>
| # endif
| #endif
| #ifdef HAVE_STRING_H
| # if !defined STDC_HEADERS && defined HAVE_MEMORY_H
| #  include <memory.h>
| # endif
| # include <string.h>
| #endif
| #ifdef HAVE_STRINGS_H
| # include <strings.h>
| #endif
| #ifdef HAVE_INTTYPES_H
| # include <inttypes.h>
| #endif
| #ifdef HAVE_STDINT_H
| # include <stdint.h>
| #endif
| #ifdef HAVE_UNISTD_H
| # include <unistd.h>
| #endif
| 
| #ifdef _WIN32
| # include <winsock2.h>
| # include <ws2tcpip.h>
| # define IPV6_V6ONLY 27
| #endif
| 
| #ifdef HAVE_LIMITS_H
| # include <limits.h>
| #endif
| #ifdef HAVE_STDLIB_H
| # include <stdlib.h>
| #endif
| #ifdef HAVE_UNISTD_H
| #include <unistd.h>
| #endif
| #ifdef HAVE_SYS_TYPES_H
| # include <sys/types.h>
| #endif
| #ifdef HAVE_FCNTL_H
| # include <fcntl.h>
| #endif
| #ifdef HAVE_SYS_UIO_H
| # include <sys/uio.h>
| #endif
| #ifdef HAVE_SYS_SOCKET_H
| # include <sys/socket.h>
| #endif
| #ifdef HAVE_NETINET_IN_H
| # include <netinet/in.h>
| #endif
| #ifdef HAVE_NETINET_TCP_H
| # include <netinet/tcp.h>
| #endif
| #ifdef HAVE_SYS_UN_H
| # include <sys/un.h>
| #endif
| #ifdef HAVE_ARPA_INET_H
| # include <arpa/inet.h>
| #endif
| #ifdef HAVE_NETDB_H
| #include <netdb.h>
| #endif
| #ifdef HAVE_NET_IF_H
| # include <net/if.h>
| #endif
| #ifdef HAVE_NETIOAPI_H
| # include <netioapi.h>
| #endif
| 
| int
| main ()
| {
| if (sizeof (struct ucred))
| 	 return 0;
|   ;
|   return 0;
| }
configure:3762: result: no
configure:3776: checking for gai_strerror
configure:3776: /usr/bin/gcc -o conftest  -I/usr/local/opt/llvm/include -L/usr/local/opt/llvm/lib conftest.c  >&5
configure:3776: $? = 0
configure:3776: result: yes
configure:3776: checking for gethostent
configure:3776: /usr/bin/gcc -o conftest  -I/usr/local/opt/llvm/include -L/usr/local/opt/llvm/lib conftest.c  >&5
configure:3776: $? = 0
configure:3776: result: yes
configure:3776: checking for accept4
configure:3776: /usr/bin/gcc -o conftest  -I/usr/local/opt/llvm/include -L/usr/local/opt/llvm/lib conftest.c  >&5
Undefined symbols for architecture x86_64:
  "_accept4", referenced from:
      _main in conftest-6461a0.o
ld: symbol(s) not found for architecture x86_64
clang: error: linker command failed with exit code 1 (use -v to see invocation)
configure:3776: $? = 1
configure: failed program was:
| /* confdefs.h */
| #define PACKAGE_NAME "Haskell network package"
| #define PACKAGE_TARNAME "network"
| #define PACKAGE_VERSION "3.1.0.0"
| #define PACKAGE_STRING "Haskell network package 3.1.0.0"
| #define PACKAGE_BUGREPORT "libraries@haskell.org"
| #define PACKAGE_URL ""
| #define STDC_HEADERS 1
| #define HAVE_SYS_TYPES_H 1
| #define HAVE_SYS_STAT_H 1
| #define HAVE_STDLIB_H 1
| #define HAVE_STRING_H 1
| #define HAVE_MEMORY_H 1
| #define HAVE_STRINGS_H 1
| #define HAVE_INTTYPES_H 1
| #define HAVE_STDINT_H 1
| #define HAVE_UNISTD_H 1
| #define HAVE_LIMITS_H 1
| #define HAVE_STDLIB_H 1
| #define HAVE_UNISTD_H 1
| #define HAVE_SYS_TYPES_H 1
| #define HAVE_FCNTL_H 1
| #define HAVE_SYS_UIO_H 1
| #define HAVE_SYS_SOCKET_H 1
| #define HAVE_NETINET_IN_H 1
| #define HAVE_NETINET_TCP_H 1
| #define HAVE_SYS_UN_H 1
| #define HAVE_ARPA_INET_H 1
| #define HAVE_NETDB_H 1
| #define HAVE_NET_IF_H 1
| #define HAVE_GAI_STRERROR 1
| #define HAVE_GETHOSTENT 1
| /* end confdefs.h.  */
| /* Define accept4 to an innocuous variant, in case <limits.h> declares accept4.
|    For example, HP-UX 11i <limits.h> declares gettimeofday.  */
| #define accept4 innocuous_accept4
| 
| /* System header to define __stub macros and hopefully few prototypes,
|     which can conflict with char accept4 (); below.
|     Prefer <limits.h> to <assert.h> if __STDC__ is defined, since
|     <limits.h> exists even on freestanding compilers.  */
| 
| #ifdef __STDC__
| # include <limits.h>
| #else
| # include <assert.h>
| #endif
| 
| #undef accept4
| 
| /* Override any GCC internal prototype to avoid an error.
|    Use char because int might match the return type of a GCC
|    builtin and then its argument prototype would still apply.  */
| #ifdef __cplusplus
| extern "C"
| #endif
| char accept4 ();
| /* The GNU C library defines this for functions which it implements
|     to always fail with ENOSYS.  Some functions are actually named
|     something starting with __ and the normal name is an alias.  */
| #if defined __stub_accept4 || defined __stub___accept4
| choke me
| #endif
| 
| int
| main ()
| {
| return accept4 ();
|   ;
|   return 0;
| }
configure:3776: result: no
configure:3787: checking for getpeereid
configure:3787: /usr/bin/gcc -o conftest  -I/usr/local/opt/llvm/include -L/usr/local/opt/llvm/lib conftest.c  >&5
configure:3787: $? = 0
configure:3787: result: yes
configure:3797: checking whether AI_ADDRCONFIG is declared
configure:3797: /usr/bin/gcc -c  -I/usr/local/opt/llvm/include conftest.c >&5
configure:3797: $? = 0
configure:3797: result: yes
configure:3807: checking whether AI_ALL is declared
configure:3807: /usr/bin/gcc -c  -I/usr/local/opt/llvm/include conftest.c >&5
configure:3807: $? = 0
configure:3807: result: yes
configure:3817: checking whether AI_NUMERICSERV is declared
configure:3817: /usr/bin/gcc -c  -I/usr/local/opt/llvm/include conftest.c >&5
configure:3817: $? = 0
configure:3817: result: yes
configure:3827: checking whether AI_V4MAPPED is declared
configure:3827: /usr/bin/gcc -c  -I/usr/local/opt/llvm/include conftest.c >&5
configure:3827: $? = 0
configure:3827: result: yes
configure:3838: checking whether IPV6_V6ONLY is declared
configure:3838: /usr/bin/gcc -c  -I/usr/local/opt/llvm/include conftest.c >&5
configure:3838: $? = 0
configure:3838: result: yes
configure:3849: checking whether IPPROTO_IP is declared
configure:3849: /usr/bin/gcc -c  -I/usr/local/opt/llvm/include conftest.c >&5
configure:3849: $? = 0
configure:3849: result: yes
configure:3859: checking whether IPPROTO_TCP is declared
configure:3859: /usr/bin/gcc -c  -I/usr/local/opt/llvm/include conftest.c >&5
configure:3859: $? = 0
configure:3859: result: yes
configure:3869: checking whether IPPROTO_IPV6 is declared
configure:3869: /usr/bin/gcc -c  -I/usr/local/opt/llvm/include conftest.c >&5
configure:3869: $? = 0
configure:3869: result: yes
configure:3880: checking whether SO_PEERCRED is declared
configure:3880: /usr/bin/gcc -c  -I/usr/local/opt/llvm/include conftest.c >&5
conftest.c:134:10: error: use of undeclared identifier 'SO_PEERCRED'
  (void) SO_PEERCRED;
         ^
1 error generated.
configure:3880: $? = 1
configure: failed program was:
| /* confdefs.h */
| #define PACKAGE_NAME "Haskell network package"
| #define PACKAGE_TARNAME "network"
| #define PACKAGE_VERSION "3.1.0.0"
| #define PACKAGE_STRING "Haskell network package 3.1.0.0"
| #define PACKAGE_BUGREPORT "libraries@haskell.org"
| #define PACKAGE_URL ""
| #define STDC_HEADERS 1
| #define HAVE_SYS_TYPES_H 1
| #define HAVE_SYS_STAT_H 1
| #define HAVE_STDLIB_H 1
| #define HAVE_STRING_H 1
| #define HAVE_MEMORY_H 1
| #define HAVE_STRINGS_H 1
| #define HAVE_INTTYPES_H 1
| #define HAVE_STDINT_H 1
| #define HAVE_UNISTD_H 1
| #define HAVE_LIMITS_H 1
| #define HAVE_STDLIB_H 1
| #define HAVE_UNISTD_H 1
| #define HAVE_SYS_TYPES_H 1
| #define HAVE_FCNTL_H 1
| #define HAVE_SYS_UIO_H 1
| #define HAVE_SYS_SOCKET_H 1
| #define HAVE_NETINET_IN_H 1
| #define HAVE_NETINET_TCP_H 1
| #define HAVE_SYS_UN_H 1
| #define HAVE_ARPA_INET_H 1
| #define HAVE_NETDB_H 1
| #define HAVE_NET_IF_H 1
| #define HAVE_GAI_STRERROR 1
| #define HAVE_GETHOSTENT 1
| #define HAVE_GETPEEREID 1
| #define HAVE_DECL_AI_ADDRCONFIG 1
| #define HAVE_DECL_AI_ALL 1
| #define HAVE_DECL_AI_NUMERICSERV 1
| #define HAVE_DECL_AI_V4MAPPED 1
| #define HAVE_DECL_IPV6_V6ONLY 1
| #define HAVE_DECL_IPPROTO_IP 1
| #define HAVE_DECL_IPPROTO_TCP 1
| #define HAVE_DECL_IPPROTO_IPV6 1
| /* end confdefs.h.  */
| #define _GNU_SOURCE 1  /* for struct ucred on Linux */
| #include <stdio.h>
| #ifdef HAVE_SYS_TYPES_H
| # include <sys/types.h>
| #endif
| #ifdef HAVE_SYS_STAT_H
| # include <sys/stat.h>
| #endif
| #ifdef STDC_HEADERS
| # include <stdlib.h>
| # include <stddef.h>
| #else
| # ifdef HAVE_STDLIB_H
| #  include <stdlib.h>
| # endif
| #endif
| #ifdef HAVE_STRING_H
| # if !defined STDC_HEADERS && defined HAVE_MEMORY_H
| #  include <memory.h>
| # endif
| # include <string.h>
| #endif
| #ifdef HAVE_STRINGS_H
| # include <strings.h>
| #endif
| #ifdef HAVE_INTTYPES_H
| # include <inttypes.h>
| #endif
| #ifdef HAVE_STDINT_H
| # include <stdint.h>
| #endif
| #ifdef HAVE_UNISTD_H
| # include <unistd.h>
| #endif
| 
| #ifdef _WIN32
| # include <winsock2.h>
| # include <ws2tcpip.h>
| # define IPV6_V6ONLY 27
| #endif
| 
| #ifdef HAVE_LIMITS_H
| # include <limits.h>
| #endif
| #ifdef HAVE_STDLIB_H
| # include <stdlib.h>
| #endif
| #ifdef HAVE_UNISTD_H
| #include <unistd.h>
| #endif
| #ifdef HAVE_SYS_TYPES_H
| # include <sys/types.h>
| #endif
| #ifdef HAVE_FCNTL_H
| # include <fcntl.h>
| #endif
| #ifdef HAVE_SYS_UIO_H
| # include <sys/uio.h>
| #endif
| #ifdef HAVE_SYS_SOCKET_H
| # include <sys/socket.h>
| #endif
| #ifdef HAVE_NETINET_IN_H
| # include <netinet/in.h>
| #endif
| #ifdef HAVE_NETINET_TCP_H
| # include <netinet/tcp.h>
| #endif
| #ifdef HAVE_SYS_UN_H
| # include <sys/un.h>
| #endif
| #ifdef HAVE_ARPA_INET_H
| # include <arpa/inet.h>
| #endif
| #ifdef HAVE_NETDB_H
| #include <netdb.h>
| #endif
| #ifdef HAVE_NET_IF_H
| # include <net/if.h>
| #endif
| #ifdef HAVE_NETIOAPI_H
| # include <netioapi.h>
| #endif
| 
| int
| main ()
| {
| #ifndef SO_PEERCRED
| #ifdef __cplusplus
|   (void) SO_PEERCRED;
| #else
|   (void) SO_PEERCRED;
| #endif
| #endif
| 
|   ;
|   return 0;
| }
configure:3880: result: no
configure:3892: checking for struct msghdr.msg_control
configure:3892: /usr/bin/gcc -c  -I/usr/local/opt/llvm/include conftest.c >&5
configure:3892: $? = 0
configure:3892: result: yes
configure:3901: checking for struct msghdr.msg_accrights
configure:3901: /usr/bin/gcc -c  -I/usr/local/opt/llvm/include conftest.c >&5
conftest.c:133:13: error: no member named 'msg_accrights' in 'struct msghdr'
if (ac_aggr.msg_accrights)
    ~~~~~~~ ^
1 error generated.
configure:3901: $? = 1
configure: failed program was:
| /* confdefs.h */
| #define PACKAGE_NAME "Haskell network package"
| #define PACKAGE_TARNAME "network"
| #define PACKAGE_VERSION "3.1.0.0"
| #define PACKAGE_STRING "Haskell network package 3.1.0.0"
| #define PACKAGE_BUGREPORT "libraries@haskell.org"
| #define PACKAGE_URL ""
| #define STDC_HEADERS 1
| #define HAVE_SYS_TYPES_H 1
| #define HAVE_SYS_STAT_H 1
| #define HAVE_STDLIB_H 1
| #define HAVE_STRING_H 1
| #define HAVE_MEMORY_H 1
| #define HAVE_STRINGS_H 1
| #define HAVE_INTTYPES_H 1
| #define HAVE_STDINT_H 1
| #define HAVE_UNISTD_H 1
| #define HAVE_LIMITS_H 1
| #define HAVE_STDLIB_H 1
| #define HAVE_UNISTD_H 1
| #define HAVE_SYS_TYPES_H 1
| #define HAVE_FCNTL_H 1
| #define HAVE_SYS_UIO_H 1
| #define HAVE_SYS_SOCKET_H 1
| #define HAVE_NETINET_IN_H 1
| #define HAVE_NETINET_TCP_H 1
| #define HAVE_SYS_UN_H 1
| #define HAVE_ARPA_INET_H 1
| #define HAVE_NETDB_H 1
| #define HAVE_NET_IF_H 1
| #define HAVE_GAI_STRERROR 1
| #define HAVE_GETHOSTENT 1
| #define HAVE_GETPEEREID 1
| #define HAVE_DECL_AI_ADDRCONFIG 1
| #define HAVE_DECL_AI_ALL 1
| #define HAVE_DECL_AI_NUMERICSERV 1
| #define HAVE_DECL_AI_V4MAPPED 1
| #define HAVE_DECL_IPV6_V6ONLY 1
| #define HAVE_DECL_IPPROTO_IP 1
| #define HAVE_DECL_IPPROTO_TCP 1
| #define HAVE_DECL_IPPROTO_IPV6 1
| #define HAVE_DECL_SO_PEERCRED 0
| #define HAVE_STRUCT_MSGHDR_MSG_CONTROL 1
| /* end confdefs.h.  */
| #define _GNU_SOURCE 1  /* for struct ucred on Linux */
| #include <stdio.h>
| #ifdef HAVE_SYS_TYPES_H
| # include <sys/types.h>
| #endif
| #ifdef HAVE_SYS_STAT_H
| # include <sys/stat.h>
| #endif
| #ifdef STDC_HEADERS
| # include <stdlib.h>
| # include <stddef.h>
| #else
| # ifdef HAVE_STDLIB_H
| #  include <stdlib.h>
| # endif
| #endif
| #ifdef HAVE_STRING_H
| # if !defined STDC_HEADERS && defined HAVE_MEMORY_H
| #  include <memory.h>
| # endif
| # include <string.h>
| #endif
| #ifdef HAVE_STRINGS_H
| # include <strings.h>
| #endif
| #ifdef HAVE_INTTYPES_H
| # include <inttypes.h>
| #endif
| #ifdef HAVE_STDINT_H
| # include <stdint.h>
| #endif
| #ifdef HAVE_UNISTD_H
| # include <unistd.h>
| #endif
| 
| #ifdef _WIN32
| # include <winsock2.h>
| # include <ws2tcpip.h>
| # define IPV6_V6ONLY 27
| #endif
| 
| #ifdef HAVE_LIMITS_H
| # include <limits.h>
| #endif
| #ifdef HAVE_STDLIB_H
| # include <stdlib.h>
| #endif
| #ifdef HAVE_UNISTD_H
| #include <unistd.h>
| #endif
| #ifdef HAVE_SYS_TYPES_H
| # include <sys/types.h>
| #endif
| #ifdef HAVE_FCNTL_H
| # include <fcntl.h>
| #endif
| #ifdef HAVE_SYS_UIO_H
| # include <sys/uio.h>
| #endif
| #ifdef HAVE_SYS_SOCKET_H
| # include <sys/socket.h>
| #endif
| #ifdef HAVE_NETINET_IN_H
| # include <netinet/in.h>
| #endif
| #ifdef HAVE_NETINET_TCP_H
| # include <netinet/tcp.h>
| #endif
| #ifdef HAVE_SYS_UN_H
| # include <sys/un.h>
| #endif
| #ifdef HAVE_ARPA_INET_H
| # include <arpa/inet.h>
| #endif
| #ifdef HAVE_NETDB_H
| #include <netdb.h>
| #endif
| #ifdef HAVE_NET_IF_H
| # include <net/if.h>
| #endif
| #ifdef HAVE_NETIOAPI_H
| # include <netioapi.h>
| #endif
| 
| int
| main ()
| {
| static struct msghdr ac_aggr;
| if (ac_aggr.msg_accrights)
| return 0;
|   ;
|   return 0;
| }
configure:3901: /usr/bin/gcc -c  -I/usr/local/opt/llvm/include conftest.c >&5
conftest.c:133:20: error: no member named 'msg_accrights' in 'struct msghdr'
if (sizeof ac_aggr.msg_accrights)
           ~~~~~~~ ^
1 error generated.
configure:3901: $? = 1
configure: failed program was:
| /* confdefs.h */
| #define PACKAGE_NAME "Haskell network package"
| #define PACKAGE_TARNAME "network"
| #define PACKAGE_VERSION "3.1.0.0"
| #define PACKAGE_STRING "Haskell network package 3.1.0.0"
| #define PACKAGE_BUGREPORT "libraries@haskell.org"
| #define PACKAGE_URL ""
| #define STDC_HEADERS 1
| #define HAVE_SYS_TYPES_H 1
| #define HAVE_SYS_STAT_H 1
| #define HAVE_STDLIB_H 1
| #define HAVE_STRING_H 1
| #define HAVE_MEMORY_H 1
| #define HAVE_STRINGS_H 1
| #define HAVE_INTTYPES_H 1
| #define HAVE_STDINT_H 1
| #define HAVE_UNISTD_H 1
| #define HAVE_LIMITS_H 1
| #define HAVE_STDLIB_H 1
| #define HAVE_UNISTD_H 1
| #define HAVE_SYS_TYPES_H 1
| #define HAVE_FCNTL_H 1
| #define HAVE_SYS_UIO_H 1
| #define HAVE_SYS_SOCKET_H 1
| #define HAVE_NETINET_IN_H 1
| #define HAVE_NETINET_TCP_H 1
| #define HAVE_SYS_UN_H 1
| #define HAVE_ARPA_INET_H 1
| #define HAVE_NETDB_H 1
| #define HAVE_NET_IF_H 1
| #define HAVE_GAI_STRERROR 1
| #define HAVE_GETHOSTENT 1
| #define HAVE_GETPEEREID 1
| #define HAVE_DECL_AI_ADDRCONFIG 1
| #define HAVE_DECL_AI_ALL 1
| #define HAVE_DECL_AI_NUMERICSERV 1
| #define HAVE_DECL_AI_V4MAPPED 1
| #define HAVE_DECL_IPV6_V6ONLY 1
| #define HAVE_DECL_IPPROTO_IP 1
| #define HAVE_DECL_IPPROTO_TCP 1
| #define HAVE_DECL_IPPROTO_IPV6 1
| #define HAVE_DECL_SO_PEERCRED 0
| #define HAVE_STRUCT_MSGHDR_MSG_CONTROL 1
| /* end confdefs.h.  */
| #define _GNU_SOURCE 1  /* for struct ucred on Linux */
| #include <stdio.h>
| #ifdef HAVE_SYS_TYPES_H
| # include <sys/types.h>
| #endif
| #ifdef HAVE_SYS_STAT_H
| # include <sys/stat.h>
| #endif
| #ifdef STDC_HEADERS
| # include <stdlib.h>
| # include <stddef.h>
| #else
| # ifdef HAVE_STDLIB_H
| #  include <stdlib.h>
| # endif
| #endif
| #ifdef HAVE_STRING_H
| # if !defined STDC_HEADERS && defined HAVE_MEMORY_H
| #  include <memory.h>
| # endif
| # include <string.h>
| #endif
| #ifdef HAVE_STRINGS_H
| # include <strings.h>
| #endif
| #ifdef HAVE_INTTYPES_H
| # include <inttypes.h>
| #endif
| #ifdef HAVE_STDINT_H
| # include <stdint.h>
| #endif
| #ifdef HAVE_UNISTD_H
| # include <unistd.h>
| #endif
| 
| #ifdef _WIN32
| # include <winsock2.h>
| # include <ws2tcpip.h>
| # define IPV6_V6ONLY 27
| #endif
| 
| #ifdef HAVE_LIMITS_H
| # include <limits.h>
| #endif
| #ifdef HAVE_STDLIB_H
| # include <stdlib.h>
| #endif
| #ifdef HAVE_UNISTD_H
| #include <unistd.h>
| #endif
| #ifdef HAVE_SYS_TYPES_H
| # include <sys/types.h>
| #endif
| #ifdef HAVE_FCNTL_H
| # include <fcntl.h>
| #endif
| #ifdef HAVE_SYS_UIO_H
| # include <sys/uio.h>
| #endif
| #ifdef HAVE_SYS_SOCKET_H
| # include <sys/socket.h>
| #endif
| #ifdef HAVE_NETINET_IN_H
| # include <netinet/in.h>
| #endif
| #ifdef HAVE_NETINET_TCP_H
| # include <netinet/tcp.h>
| #endif
| #ifdef HAVE_SYS_UN_H
| # include <sys/un.h>
| #endif
| #ifdef HAVE_ARPA_INET_H
| # include <arpa/inet.h>
| #endif
| #ifdef HAVE_NETDB_H
| #include <netdb.h>
| #endif
| #ifdef HAVE_NET_IF_H
| # include <net/if.h>
| #endif
| #ifdef HAVE_NETIOAPI_H
| # include <netioapi.h>
| #endif
| 
| int
| main ()
| {
| static struct msghdr ac_aggr;
| if (sizeof ac_aggr.msg_accrights)
| return 0;
|   ;
|   return 0;
| }
configure:3901: result: no
configure:3911: checking for struct sockaddr.sa_len
configure:3911: /usr/bin/gcc -c  -I/usr/local/opt/llvm/include conftest.c >&5
configure:3911: $? = 0
configure:3911: result: yes
configure:3922: creating ./network.buildinfo
configure:4040: creating ./config.status

## ---------------------- ##
## Running config.status. ##
## ---------------------- ##

This file was extended by Haskell network package config.status 3.1.0.0, which was
generated by GNU Autoconf 2.69.  Invocation command line was

  CONFIG_FILES    = 
  CONFIG_HEADERS  = 
  CONFIG_LINKS    = 
  CONFIG_COMMANDS = 
  $ ./config.status 

on zhangyunfengdeMacBook-Pro.local

config.status:701: creating include/HsNetworkConfig.h
configure:4939: WARNING: unrecognized options: --with-compiler

## ---------------- ##
## Cache variables. ##
## ---------------- ##

ac_cv_build=x86_64-apple-darwin19.5.0
ac_cv_c_compiler_gnu=yes
ac_cv_c_const=yes
ac_cv_env_CC_set=set
ac_cv_env_CC_value=/usr/bin/gcc
ac_cv_env_CFLAGS_set=set
ac_cv_env_CFLAGS_value=
ac_cv_env_CPPFLAGS_set=set
ac_cv_env_CPPFLAGS_value=-I/usr/local/opt/llvm/include
ac_cv_env_CPP_set=
ac_cv_env_CPP_value=
ac_cv_env_LDFLAGS_set=set
ac_cv_env_LDFLAGS_value=-L/usr/local/opt/llvm/lib
ac_cv_env_LIBS_set=
ac_cv_env_LIBS_value=
ac_cv_env_build_alias_set=
ac_cv_env_build_alias_value=
ac_cv_env_host_alias_set=
ac_cv_env_host_alias_value=
ac_cv_env_target_alias_set=
ac_cv_env_target_alias_value=
ac_cv_func_accept4=no
ac_cv_func_gai_strerror=yes
ac_cv_func_gethostent=yes
ac_cv_func_getpeereid=yes
ac_cv_have_decl_AI_ADDRCONFIG=yes
ac_cv_have_decl_AI_ALL=yes
ac_cv_have_decl_AI_NUMERICSERV=yes
ac_cv_have_decl_AI_V4MAPPED=yes
ac_cv_have_decl_IPPROTO_IP=yes
ac_cv_have_decl_IPPROTO_IPV6=yes
ac_cv_have_decl_IPPROTO_TCP=yes
ac_cv_have_decl_IPV6_V6ONLY=yes
ac_cv_have_decl_SO_PEERCRED=no
ac_cv_header_arpa_inet_h=yes
ac_cv_header_fcntl_h=yes
ac_cv_header_inttypes_h=yes
ac_cv_header_limits_h=yes
ac_cv_header_memory_h=yes
ac_cv_header_net_if_h=yes
ac_cv_header_netdb_h=yes
ac_cv_header_netinet_in_h=yes
ac_cv_header_netinet_tcp_h=yes
ac_cv_header_netioapi_h=no
ac_cv_header_stdc=yes
ac_cv_header_stdint_h=yes
ac_cv_header_stdlib_h=yes
ac_cv_header_string_h=yes
ac_cv_header_strings_h=yes
ac_cv_header_sys_socket_h=yes
ac_cv_header_sys_stat_h=yes
ac_cv_header_sys_types_h=yes
ac_cv_header_sys_uio_h=yes
ac_cv_header_sys_un_h=yes
ac_cv_header_unistd_h=yes
ac_cv_host=x86_64-apple-darwin19.5.0
ac_cv_member_struct_msghdr_msg_accrights=no
ac_cv_member_struct_msghdr_msg_control=yes
ac_cv_member_struct_sockaddr_sa_len=yes
ac_cv_objext=o
ac_cv_path_EGREP='/usr/bin/grep -E'
ac_cv_path_GREP=/usr/bin/grep
ac_cv_prog_CPP='/usr/bin/gcc -E'
ac_cv_prog_ac_ct_CC=/usr/bin/gcc
ac_cv_prog_cc_c89=
ac_cv_prog_cc_g=yes
ac_cv_type_struct_ucred=no

## ----------------- ##
## Output variables. ##
## ----------------- ##

CC='/usr/bin/gcc'
CFLAGS=''
CPP='/usr/bin/gcc -E'
CPPFLAGS='-I/usr/local/opt/llvm/include'
DEFS='-DHAVE_CONFIG_H'
ECHO_C='\c'
ECHO_N=''
ECHO_T=''
EGREP='/usr/bin/grep -E'
EXEEXT=''
GREP='/usr/bin/grep'
LDFLAGS='-L/usr/local/opt/llvm/lib'
LIBOBJS=''
LIBS=''
LTLIBOBJS=''
OBJEXT='o'
PACKAGE_BUGREPORT='libraries@haskell.org'
PACKAGE_NAME='Haskell network package'
PACKAGE_STRING='Haskell network package 3.1.0.0'
PACKAGE_TARNAME='network'
PACKAGE_URL=''
PACKAGE_VERSION='3.1.0.0'
PATH_SEPARATOR=':'
SHELL='/bin/sh'
ac_ct_CC='/usr/bin/gcc'
bindir='/Users/zhangyunfeng/.cabal/bin'
build='x86_64-apple-darwin19.5.0'
build_alias=''
build_cpu='x86_64'
build_os='darwin19.5.0'
build_vendor='apple'
datadir='/Users/zhangyunfeng/.cabal/share/x86_64-osx-ghc-8.8.3/network-3.1.1.1'
datarootdir='${prefix}/share'
docdir='${datarootdir}/doc/${PACKAGE_TARNAME}'
dvidir='${docdir}'
exec_prefix='${prefix}'
host='x86_64-apple-darwin19.5.0'
host_alias=''
host_cpu='x86_64'
host_os='darwin19.5.0'
host_vendor='apple'
htmldir='${docdir}'
includedir='${prefix}/include'
infodir='${datarootdir}/info'
libdir='/Users/zhangyunfeng/.cabal/lib/x86_64-osx-ghc-8.8.3/network-3.1.1.1-inplace'
libexecdir='/Users/zhangyunfeng/.cabal/libexec/x86_64-osx-ghc-8.8.3/network-3.1.1.1'
localedir='${datarootdir}/locale'
localstatedir='${prefix}/var'
mandir='${datarootdir}/man'
oldincludedir='/usr/include'
pdfdir='${docdir}'
prefix='/Users/zhangyunfeng/.cabal'
program_transform_name='s,x,x,'
psdir='${docdir}'
runstatedir='${localstatedir}/run'
sbindir='${exec_prefix}/sbin'
sharedstatedir='${prefix}/com'
sysconfdir='/Users/zhangyunfeng/.cabal/etc'
target_alias=''

## ----------- ##
## confdefs.h. ##
## ----------- ##

/* confdefs.h */
#define PACKAGE_NAME "Haskell network package"
#define PACKAGE_TARNAME "network"
#define PACKAGE_VERSION "3.1.0.0"
#define PACKAGE_STRING "Haskell network package 3.1.0.0"
#define PACKAGE_BUGREPORT "libraries@haskell.org"
#define PACKAGE_URL ""
#define STDC_HEADERS 1
#define HAVE_SYS_TYPES_H 1
#define HAVE_SYS_STAT_H 1
#define HAVE_STDLIB_H 1
#define HAVE_STRING_H 1
#define HAVE_MEMORY_H 1
#define HAVE_STRINGS_H 1
#define HAVE_INTTYPES_H 1
#define HAVE_STDINT_H 1
#define HAVE_UNISTD_H 1
#define HAVE_LIMITS_H 1
#define HAVE_STDLIB_H 1
#define HAVE_UNISTD_H 1
#define HAVE_SYS_TYPES_H 1
#define HAVE_FCNTL_H 1
#define HAVE_SYS_UIO_H 1
#define HAVE_SYS_SOCKET_H 1
#define HAVE_NETINET_IN_H 1
#define HAVE_NETINET_TCP_H 1
#define HAVE_SYS_UN_H 1
#define HAVE_ARPA_INET_H 1
#define HAVE_NETDB_H 1
#define HAVE_NET_IF_H 1
#define HAVE_GAI_STRERROR 1
#define HAVE_GETHOSTENT 1
#define HAVE_GETPEEREID 1
#define HAVE_DECL_AI_ADDRCONFIG 1
#define HAVE_DECL_AI_ALL 1
#define HAVE_DECL_AI_NUMERICSERV 1
#define HAVE_DECL_AI_V4MAPPED 1
#define HAVE_DECL_IPV6_V6ONLY 1
#define HAVE_DECL_IPPROTO_IP 1
#define HAVE_DECL_IPPROTO_TCP 1
#define HAVE_DECL_IPPROTO_IPV6 1
#define HAVE_DECL_SO_PEERCRED 0
#define HAVE_STRUCT_MSGHDR_MSG_CONTROL 1
#define HAVE_STRUCT_SOCKADDR_SA_LEN 1

configure: exit 0
